
  \{^_^}/ hi!

  Loading cars.json
  Done

  Resources
  http://localhost:3000/cars

  Home
  http://localhost:3000

  Type s + enter at any time to create a snapshot of the database
  Watching...

  Error, can't read from stdin
  Creating a snapshot from the CLI won't be possible

  \{^_^}/ hi!

  Loading cars.json
  Done

  Resources
  http://localhost:3000/cars

  Home
  http://localhost:3000

  Type s + enter at any time to create a snapshot of the database
  Watching...

  Error, can't read from stdin
  Creating a snapshot from the CLI won't be possible
[0mGET /cars [32m200[0m 10.306 ms - 749[0m
[0mGET /cars [32m200[0m 3.559 ms - 749[0m

  \{^_^}/ hi!

  Loading cars.json
  Done

  Resources
  http://localhost:3000/cars

  Home
  http://localhost:3000

  Type s + enter at any time to create a snapshot of the database
  Watching...

  Error, can't read from stdin
  Creating a snapshot from the CLI won't be possible
[0mGET /cars [32m200[0m 12.009 ms - 749[0m
[0mGET /cars [32m200[0m 3.969 ms - 749[0m
[0mGET /carss [33m404[0m 2.020 ms - 2[0m
[0mGET /cars [32m200[0m 3.457 ms - 749[0m
[0mGET /cars [32m200[0m 3.530 ms - 749[0m
[0mGET /cars [32m200[0m 3.488 ms - 749[0m
[0mGET /cars [32m200[0m 3.547 ms - 749[0m
[0mGET /cars [32m200[0m 3.474 ms - 749[0m
[0mGET /cars [32m200[0m 4.689 ms - 749[0m
[0mGET /cars [32m200[0m 3.460 ms - 749[0m
[0mGET /cars [32m200[0m 3.468 ms - 749[0m
[0mGET /cars [32m200[0m 3.382 ms - 749[0m
[0mGET /cars [32m200[0m 3.422 ms - 749[0m
[0mGET /cars [32m200[0m 3.456 ms - 749[0m
[0mGET /cars [32m200[0m 3.364 ms - 749[0m
[0mGET /carss [33m404[0m 1.853 ms - 2[0m
[0mGET /carsss [33m404[0m 1.852 ms - 2[0m
[0mGET /cars [32m200[0m 3.395 ms - 749[0m
[0mGET /cars [32m200[0m 5.027 ms - 749[0m
[0mGET /cars?_sort=productio_year [32m200[0m 4.502 ms - 749[0m
[0mGET /cars [32m200[0m 3.478 ms - 749[0m
[0mGET /cars?_sort=production_year&_order=desc [32m200[0m 3.663 ms - 749[0m
[0mGET /cars?_sort=production_year [32m200[0m 3.558 ms - 749[0m
[0mGET /cars?_sort=production_year&_order=desc [32m200[0m 3.491 ms - 749[0m
[0mGET /cars?_sort=production_year&_order=desc [32m200[0m 3.480 ms - 749[0m
  Error reading /home/csanad/python/cars.json
No data, empty input at 1:1

^
  Read error has been fixed :)
  cars.json has changed, reloading...

  Loading cars.json
  Done

  Resources
  http://localhost:3000/carsss

  Home
  http://localhost:3000

[0mGET /cars?_sort=production_year&_order=desc [33m404[0m 4.069 ms - 2[0m
  Error reading /home/csanad/python/cars.json
No data, empty input at 1:1

^
  Read error has been fixed :)
  cars.json has changed, reloading...

  Loading cars.json
  Done

  Resources
  http://localhost:3000/cars

  Home
  http://localhost:3000

[0mDELETE /cars/2 [32m200[0m 9.713 ms - 2[0m
[0mGET /cars [32m200[0m 3.328 ms - 625[0m
[0mDELETE /cars/2 [33m404[0m 3.732 ms - 2[0m
[0mDELETE /cars/2 [33m404[0m 3.660 ms - 2[0m
[0mDELETE /cars/2 [33m404[0m 3.667 ms - 2[0m
[0mDELETE /cars/2 [33m404[0m 2.525 ms - 2[0m
[0mDELETE /cars/2 [33m404[0m 5.516 ms - 2[0m

  \{^_^}/ hi!

  Loading cars.json
  Done

  Resources
  http://localhost:3000/cars

  Home
  http://localhost:3000

  Type s + enter at any time to create a snapshot of the database
  Watching...

Cannot bind to the port 3000. Please specify another port number either through --port argument or through the json-server.json configuration file
[0mDELETE /cars/2 [33m404[0m 3.659 ms - 2[0m
[0mGET /cars [32m200[0m 3.329 ms - 625[0m
[0mDELETE /cars/3 [32m200[0m 2.522 ms - 2[0m
[0mDELETE /cars/3 [33m404[0m 3.603 ms - 2[0m
[0mGET /cars [32m200[0m 3.157 ms - 497[0m
[0mDELETE /cars/3 [33m404[0m 2.548 ms - 2[0m

  \{^_^}/ hi!

  Loading cars.json
  Done

  Resources
  http://localhost:3000/cars

  Home
  http://localhost:3000

  Type s + enter at any time to create a snapshot of the database
  Watching...

Cannot bind to the port 3000. Please specify another port number either through --port argument or through the json-server.json configuration file

  \{^_^}/ hi!

  Loading ddns.json
SyntaxError: Malformed JSON in file: ddns.json
Unexpected token } in JSON at position 130
    at FileAsync.parse [as deserialize] (<anonymous>)
    at /usr/local/lib/node_modules/json-server/node_modules/lowdb/adapters/FileAsync.js:41:35

  \{^_^}/ hi!

  Loading ddns.json
  Done

  Resources
  http://localhost:3000/ddns

  Home
  http://localhost:3000

  Type s + enter at any time to create a snapshot of the database
  Watching...

  Error, can't read from stdin
  Creating a snapshot from the CLI won't be possible
[0mGET /ddns [32m200[0m 9.588 ms - 319[0m
[0mPUT /ddns/3 [32m200[0m 6.466 ms - 15[0m
[0mGET /ddns [32m200[0m 3.298 ms - 236[0m
[0mPUT /ddns/3%20/put [33m404[0m 19.583 ms - 2[0m
[0mGET /ddns [32m200[0m 3.362 ms - 236[0m
[0mPUT /ddns/3%20/put [33m404[0m 3.862 ms - 2[0m
[0mGET /ddns [32m200[0m 3.353 ms - 236[0m
[0mPUT /ddns/3%20/put [33m404[0m 3.866 ms - 2[0m
[0mGET /ddns [32m200[0m 3.365 ms - 236[0m
[0mPUT /ddns/3%20/put [33m404[0m 3.832 ms - 2[0m
[0mGET /ddns [32m200[0m 2.164 ms - 236[0m
[0mPUT /ddns%20/put [33m404[0m 4.781 ms - 2[0m
[0mGET /ddns [32m200[0m 3.195 ms - 236[0m
[0mGET /ddns [32m200[0m 3.313 ms - 236[0m
[0mGET /ddns [32m200[0m 3.359 ms - 236[0m
  Error reading /home/csanad/python/ddns.json
No data, empty input at 1:1

^
  Read error has been fixed :)
  ddns.json has changed, reloading...

  Loading ddns.json
  Done

  Resources
  http://localhost:3000/ddns

  Home
  http://localhost:3000

[0mGET /ddns [32m200[0m 4.029 ms - 319[0m
[0mPUT /ddns/3%20/put [33m404[0m 2.729 ms - 2[0m
[0mGET /ddns [32m200[0m 3.217 ms - 319[0m
[0mGET /ddns [32m200[0m 3.333 ms - 319[0m
[0mPUT /ddns/3 [32m200[0m 7.351 ms - 94[0m
[0mGET /ddns [32m200[0m 3.346 ms - 321[0m
[0mPUT /ddns/3 [32m200[0m 3.035 ms - 94[0m
[0mGET /ddns [32m200[0m 3.144 ms - 321[0m
[0mPOST /ddns [32m201[0m 5.812 ms - 95[0m
[0mGET /ddns [32m200[0m 3.188 ms - 430[0m

  \{^_^}/ hi!

  Loading ddns.json
  Done

  Resources
  http://localhost:3000/ddns

  Home
  http://localhost:3000

  Type s + enter at any time to create a snapshot of the database
  Watching...

Cannot bind to the port 3000. Please specify another port number either through --port argument or through the json-server.json configuration file

  \{^_^}/ hi!

  Loading cars.json
  Done

  Resources
  http://localhost:3000/cars

  Home
  http://localhost:3000

  Type s + enter at any time to create a snapshot of the database
  Watching...

Cannot bind to the port 3000. Please specify another port number either through --port argument or through the json-server.json configuration file

  \{^_^}/ hi!

  Loading cars.json
  Done

  Resources
  http://localhost:3000/cars

  Home
  http://localhost:3000

  Type s + enter at any time to create a snapshot of the database
  Watching...

  Error, can't read from stdin
  Creating a snapshot from the CLI won't be possible
Error: Insert failed, duplicate id
    at Function.insert (/usr/local/lib/node_modules/json-server/node_modules/lodash-id/src/index.js:49:18)
    at /usr/local/lib/node_modules/json-server/node_modules/lodash/lodash.js:4430:28
    at arrayReduce (/usr/local/lib/node_modules/json-server/node_modules/lodash/lodash.js:697:21)
    at baseWrapperValue (/usr/local/lib/node_modules/json-server/node_modules/lodash/lodash.js:4429:14)
    at LodashWrapper.wrapperValue (/usr/local/lib/node_modules/json-server/node_modules/lodash/lodash.js:9114:14)
    at create (/usr/local/lib/node_modules/json-server/lib/server/router/plural.js:239:48)
    at Layer.handle [as handle_request] (/usr/local/lib/node_modules/json-server/node_modules/express/lib/router/layer.js:95:5)
    at next (/usr/local/lib/node_modules/json-server/node_modules/express/lib/router/route.js:137:13)
    at next (/usr/local/lib/node_modules/json-server/node_modules/express/lib/router/route.js:131:14)
    at Route.dispatch (/usr/local/lib/node_modules/json-server/node_modules/express/lib/router/route.js:112:3)
[0mPOST /cars [31m500[0m 29.605 ms - -[0m
[0mGET /cars [32m200[0m 6.000 ms - 497[0m
Error: Insert failed, duplicate id
    at Function.insert (/usr/local/lib/node_modules/json-server/node_modules/lodash-id/src/index.js:49:18)
    at /usr/local/lib/node_modules/json-server/node_modules/lodash/lodash.js:4430:28
    at arrayReduce (/usr/local/lib/node_modules/json-server/node_modules/lodash/lodash.js:697:21)
    at baseWrapperValue (/usr/local/lib/node_modules/json-server/node_modules/lodash/lodash.js:4429:14)
    at LodashWrapper.wrapperValue (/usr/local/lib/node_modules/json-server/node_modules/lodash/lodash.js:9114:14)
    at create (/usr/local/lib/node_modules/json-server/lib/server/router/plural.js:239:48)
    at Layer.handle [as handle_request] (/usr/local/lib/node_modules/json-server/node_modules/express/lib/router/layer.js:95:5)
    at next (/usr/local/lib/node_modules/json-server/node_modules/express/lib/router/route.js:137:13)
    at next (/usr/local/lib/node_modules/json-server/node_modules/express/lib/router/route.js:131:14)
    at Route.dispatch (/usr/local/lib/node_modules/json-server/node_modules/express/lib/router/route.js:112:3)
[0mPOST /cars [31m500[0m 3.328 ms - -[0m
[0mGET /cars [32m200[0m 3.357 ms - 497[0m
Error: Insert failed, duplicate id
    at Function.insert (/usr/local/lib/node_modules/json-server/node_modules/lodash-id/src/index.js:49:18)
    at /usr/local/lib/node_modules/json-server/node_modules/lodash/lodash.js:4430:28
    at arrayReduce (/usr/local/lib/node_modules/json-server/node_modules/lodash/lodash.js:697:21)
    at baseWrapperValue (/usr/local/lib/node_modules/json-server/node_modules/lodash/lodash.js:4429:14)
    at LodashWrapper.wrapperValue (/usr/local/lib/node_modules/json-server/node_modules/lodash/lodash.js:9114:14)
    at create (/usr/local/lib/node_modules/json-server/lib/server/router/plural.js:239:48)
    at Layer.handle [as handle_request] (/usr/local/lib/node_modules/json-server/node_modules/express/lib/router/layer.js:95:5)
    at next (/usr/local/lib/node_modules/json-server/node_modules/express/lib/router/route.js:137:13)
    at next (/usr/local/lib/node_modules/json-server/node_modules/express/lib/router/route.js:131:14)
    at Route.dispatch (/usr/local/lib/node_modules/json-server/node_modules/express/lib/router/route.js:112:3)
[0mPOST /cars [31m500[0m 4.724 ms - -[0m
[0mGET /cars [32m200[0m 3.262 ms - 497[0m
Error: Insert failed, duplicate id
    at Function.insert (/usr/local/lib/node_modules/json-server/node_modules/lodash-id/src/index.js:49:18)
    at /usr/local/lib/node_modules/json-server/node_modules/lodash/lodash.js:4430:28
    at arrayReduce (/usr/local/lib/node_modules/json-server/node_modules/lodash/lodash.js:697:21)
    at baseWrapperValue (/usr/local/lib/node_modules/json-server/node_modules/lodash/lodash.js:4429:14)
    at LodashWrapper.wrapperValue (/usr/local/lib/node_modules/json-server/node_modules/lodash/lodash.js:9114:14)
    at create (/usr/local/lib/node_modules/json-server/lib/server/router/plural.js:239:48)
    at Layer.handle [as handle_request] (/usr/local/lib/node_modules/json-server/node_modules/express/lib/router/layer.js:95:5)
    at next (/usr/local/lib/node_modules/json-server/node_modules/express/lib/router/route.js:137:13)
    at next (/usr/local/lib/node_modules/json-server/node_modules/express/lib/router/route.js:131:14)
    at Route.dispatch (/usr/local/lib/node_modules/json-server/node_modules/express/lib/router/route.js:112:3)
[0mPOST /cars [31m500[0m 4.337 ms - -[0m
[0mGET /cars [32m200[0m 3.370 ms - 497[0m
[0mPUT /cars [33m404[0m 2.583 ms - 2[0m
[0mGET /cars [32m200[0m 3.347 ms - 497[0m
Error: Insert failed, duplicate id
    at Function.insert (/usr/local/lib/node_modules/json-server/node_modules/lodash-id/src/index.js:49:18)
    at /usr/local/lib/node_modules/json-server/node_modules/lodash/lodash.js:4430:28
    at arrayReduce (/usr/local/lib/node_modules/json-server/node_modules/lodash/lodash.js:697:21)
    at baseWrapperValue (/usr/local/lib/node_modules/json-server/node_modules/lodash/lodash.js:4429:14)
    at LodashWrapper.wrapperValue (/usr/local/lib/node_modules/json-server/node_modules/lodash/lodash.js:9114:14)
    at create (/usr/local/lib/node_modules/json-server/lib/server/router/plural.js:239:48)
    at Layer.handle [as handle_request] (/usr/local/lib/node_modules/json-server/node_modules/express/lib/router/layer.js:95:5)
    at next (/usr/local/lib/node_modules/json-server/node_modules/express/lib/router/route.js:137:13)
    at next (/usr/local/lib/node_modules/json-server/node_modules/express/lib/router/route.js:131:14)
    at Route.dispatch (/usr/local/lib/node_modules/json-server/node_modules/express/lib/router/route.js:112:3)
[0mPOST /cars [31m500[0m 4.438 ms - -[0m
[0mGET /cars [32m200[0m 3.215 ms - 497[0m
[0mPUT /cars [33m404[0m 3.754 ms - 2[0m
[0mGET /cars [32m200[0m 3.233 ms - 497[0m
Error: Insert failed, duplicate id
    at Function.insert (/usr/local/lib/node_modules/json-server/node_modules/lodash-id/src/index.js:49:18)
    at /usr/local/lib/node_modules/json-server/node_modules/lodash/lodash.js:4430:28
    at arrayReduce (/usr/local/lib/node_modules/json-server/node_modules/lodash/lodash.js:697:21)
    at baseWrapperValue (/usr/local/lib/node_modules/json-server/node_modules/lodash/lodash.js:4429:14)
    at LodashWrapper.wrapperValue (/usr/local/lib/node_modules/json-server/node_modules/lodash/lodash.js:9114:14)
    at create (/usr/local/lib/node_modules/json-server/lib/server/router/plural.js:239:48)
    at Layer.handle [as handle_request] (/usr/local/lib/node_modules/json-server/node_modules/express/lib/router/layer.js:95:5)
    at next (/usr/local/lib/node_modules/json-server/node_modules/express/lib/router/route.js:137:13)
    at next (/usr/local/lib/node_modules/json-server/node_modules/express/lib/router/route.js:131:14)
    at Route.dispatch (/usr/local/lib/node_modules/json-server/node_modules/express/lib/router/route.js:112:3)
[0mPOST /cars [31m500[0m 4.325 ms - -[0m
[0mGET /cars [32m200[0m 3.269 ms - 497[0m
[0mGET /cars [32m200[0m 3.372 ms - 497[0m
[0mPUT /cars [33m404[0m 3.748 ms - 2[0m
[0mGET /cars [32m200[0m 3.276 ms - 497[0m
[0mPOST /ddns [33m404[0m 2.493 ms - 2[0m
[0mGET /ddns [33m404[0m 1.700 ms - 2[0m

  \{^_^}/ hi!

  Loading ddns.xml
Error: Unsupported source ddns.xml
    at /usr/local/lib/node_modules/json-server/lib/cli/utils/load.js:79:13
    at new Promise (<anonymous>)
    at module.exports (/usr/local/lib/node_modules/json-server/lib/cli/utils/load.js:38:10)
    at start (/usr/local/lib/node_modules/json-server/lib/cli/run.js:112:12)
    at module.exports (/usr/local/lib/node_modules/json-server/lib/cli/run.js:149:3)
    at module.exports (/usr/local/lib/node_modules/json-server/lib/cli/index.js:86:3)
    at Object.<anonymous> (/usr/local/lib/node_modules/json-server/lib/cli/bin.js:6:14)
    at Module._compile (internal/modules/cjs/loader.js:999:30)
    at Object.Module._extensions..js (internal/modules/cjs/loader.js:1027:10)
    at Module.load (internal/modules/cjs/loader.js:863:32)

  \{^_^}/ hi!

  Loading ddns.json
  Done

  Resources
  http://localhost:3000/ddns

  Home
  http://localhost:3000

  Type s + enter at any time to create a snapshot of the database
  Watching...

  Error, can't read from stdin
  Creating a snapshot from the CLI won't be possible
Error: Insert failed, duplicate id
    at Function.insert (/usr/local/lib/node_modules/json-server/node_modules/lodash-id/src/index.js:49:18)
    at /usr/local/lib/node_modules/json-server/node_modules/lodash/lodash.js:4430:28
    at arrayReduce (/usr/local/lib/node_modules/json-server/node_modules/lodash/lodash.js:697:21)
    at baseWrapperValue (/usr/local/lib/node_modules/json-server/node_modules/lodash/lodash.js:4429:14)
    at LodashWrapper.wrapperValue (/usr/local/lib/node_modules/json-server/node_modules/lodash/lodash.js:9114:14)
    at create (/usr/local/lib/node_modules/json-server/lib/server/router/plural.js:239:48)
    at Layer.handle [as handle_request] (/usr/local/lib/node_modules/json-server/node_modules/express/lib/router/layer.js:95:5)
    at next (/usr/local/lib/node_modules/json-server/node_modules/express/lib/router/route.js:137:13)
    at next (/usr/local/lib/node_modules/json-server/node_modules/express/lib/router/route.js:131:14)
    at Route.dispatch (/usr/local/lib/node_modules/json-server/node_modules/express/lib/router/route.js:112:3)
[0mPOST /ddns [31m500[0m 29.035 ms - -[0m
[0mGET /ddns [32m200[0m 5.971 ms - 430[0m
